2013/11/01 17:29:39 にビルドを開始しました。
     1>ノード 2 上のプロジェクト "D:\Visual Studio 2010\Projects\puzzle\puzzle\puzzle.vcxproj" (build ターゲット)。
     1>InitializeBuildStatus:
         "Release\puzzle.unsuccessfulbuild" のタッチ タスクを実行しています。
       ClCompile:
         C:\Program Files\Microsoft Visual Studio 10.0\VC\bin\CL.exe /c /I"C:\DxLib_VC\プロジェクトに追加すべきファイル_VC用" /Zi /nologo /W3 /WX- /O2 /Oi /Oy- /GL /D WIN32 /D NDEBUG /D _WINDOWS /D _UNICODE /D UNICODE /Gm- /EHsc /MT /GS /Gy /fp:precise /Zc:wchar_t /Zc:forScope /Fo"Release\\" /Fd"Release\vc100.pdb" /Gd /TP /analyze- /errorReport:prompt game.cpp main.cpp scenemgr.cpp
         game.cpp
     1>game.cpp(333): warning C4244: '引数' : 'int' から 'FLOAT' への変換です。データが失われる可能性があります。
     1>game.cpp(359): warning C4244: '引数' : 'int' から 'FLOAT' への変換です。データが失われる可能性があります。
     1>game.cpp(359): warning C4244: '引数' : 'int' から 'FLOAT' への変換です。データが失われる可能性があります。
     1>game.cpp(386): warning C4018: '<' : signed と unsigned の数値を比較しようとしました。
     1>game.cpp(389): warning C4244: '引数' : 'int' から 'FLOAT' への変換です。データが失われる可能性があります。
     1>game.cpp(394): warning C4018: '<' : signed と unsigned の数値を比較しようとしました。
     1>game.cpp(397): warning C4244: '引数' : 'int' から 'FLOAT' への変換です。データが失われる可能性があります。
     1>game.cpp(408): warning C4018: '<' : signed と unsigned の数値を比較しようとしました。
     1>game.cpp(411): warning C4244: '引数' : 'int' から 'FLOAT' への変換です。データが失われる可能性があります。
     1>game.cpp(423): warning C4018: '<' : signed と unsigned の数値を比較しようとしました。
     1>game.cpp(426): warning C4244: '引数' : 'int' から 'FLOAT' への変換です。データが失われる可能性があります。
     1>game.cpp(426): warning C4244: '引数' : 'int' から 'FLOAT' への変換です。データが失われる可能性があります。
     1>game.cpp(488): warning C4244: '+=' : 'float' から 'int' への変換です。データが失われる可能性があります。
     1>game.cpp(513): warning C4244: '+=' : 'float' から 'int' への変換です。データが失われる可能性があります。
         main.cpp
     1>main.cpp(19): warning C4244: '引数' : 'time_t' から 'unsigned int' への変換です。データが失われる可能性があります。
         scenemgr.cpp
       Link:
         C:\Program Files\Microsoft Visual Studio 10.0\VC\bin\link.exe /ERRORREPORT:PROMPT /OUT:"D:\Visual Studio 2010\Projects\puzzle\Release\puzzle.exe" /INCREMENTAL:NO /NOLOGO Dinput8.lib d3dxof.lib dxguid.lib d3d9.lib d3dx9.lib d3dx9d.lib winmm.lib d3dx9.lib kernel32.lib user32.lib gdi32.lib winspool.lib comdlg32.lib advapi32.lib shell32.lib ole32.lib oleaut32.lib uuid.lib odbc32.lib odbccp32.lib /MANIFEST /ManifestFile:"Release\puzzle.exe.intermediate.manifest" /MANIFESTUAC:"level='asInvoker' uiAccess='false'" /DEBUG /PDB:"D:\Visual Studio 2010\Projects\puzzle\Release\puzzle.pdb" /SUBSYSTEM:WINDOWS /OPT:REF /OPT:ICF /LTCG /TLBID:1 /DYNAMICBASE /NXCOMPAT /IMPLIB:"D:\Visual Studio 2010\Projects\puzzle\Release\puzzle.lib" /MACHINE:X86 Release\basescene.obj
         Release\block.obj
         Release\directinput.obj
         Release\field.obj
         Release\fpscontrol.obj
         Release\game.obj
         Release\gamewindow.obj
         Release\lostresource.obj
         Release\main.obj
         Release\rendererbase.obj
         Release\scenemgr.obj
         Release\title.obj
         コード生成しています。
         コード生成が終了しました。
         puzzle.vcxproj -> D:\Visual Studio 2010\Projects\puzzle\Release\puzzle.exe
       Manifest:
         C:\Program Files\Microsoft SDKs\Windows\v7.0A\bin\mt.exe /nologo /verbose /outputresource:"D:\Visual Studio 2010\Projects\puzzle\Release\puzzle.exe;#1" /manifest Release\puzzle.exe.intermediate.manifest
       FinalizeBuildStatus:
         ファイル "Release\puzzle.unsuccessfulbuild" を削除しています。
         "Release\puzzle.lastbuildstate" のタッチ タスクを実行しています。
     1>プロジェクト "D:\Visual Studio 2010\Projects\puzzle\puzzle\puzzle.vcxproj" (build ターゲット) のビルドが完了しました。

ビルドに成功しました。

経過時間 00:00:32.55
